[2016-05-22 00:42:22.723] [INFO] hali - que estas haciendo?
[2016-05-22 01:03:20.700] [INFO] hali - que estas haciendo?
[2016-05-22 01:05:21.127] [INFO] hali - que estas haciendo?
[2016-05-22 01:06:05.070] [INFO] hali - que andas haciendo?
[2016-05-22 01:07:14.195] [INFO] hali - de que se trata?
[2016-05-22 01:12:52.869] [INFO] hali - que estas haciendo
[2016-05-22 02:03:39.376] [INFO] hali - donde esta mi depto?
[2016-05-22 02:03:51.703] [INFO] hali - donde esta mi departamento?
[2016-05-22 11:40:17.622] [INFO] hali - de que se trata?
[2016-05-22 11:44:56.195] [INFO] hali - de que se trata?
[2016-05-22 11:48:22.885] [INFO] hali - de que de trata?
[2016-05-22 11:51:32.240] [INFO] hali - de que se trata?
[2016-05-22 11:59:04.207] [INFO] hali - de que se trata?
[2016-05-22 11:59:57.887] [INFO] hali - de que se trata?
[2016-05-22 12:00:34.013] [INFO] hali - de que se trata?
[2016-05-22 12:04:45.918] [INFO] hali - donde esta mi departamento?
[2016-05-22 12:50:25.073] [INFO] hali - de que se trate?
[2016-05-22 12:57:37.515] [INFO] hali - que andas haciendo
[2016-05-22 13:07:45.371] [INFO] hali - que andas haciendo
[2016-05-22 13:27:03.283] [INFO] hali - que andas haciendo
[2016-05-22 13:35:57.291] [INFO] hali - que andas haciendo
[2016-05-22 13:36:57.818] [INFO] hali - que andas haciendo
[2016-05-22 18:51:26.533] [INFO] hali - sistemas
[2016-05-22 18:55:06.738] [INFO] hali - sistemas
[2016-05-22 18:57:46.747] [INFO] hali - hola
[2016-05-22 19:38:11.677] [INFO] hali - sistemas
[2016-05-22 19:50:11.843] [INFO] hali - sistemas
[2016-05-22 20:49:03.144] [INFO] hali - Hola
[2016-05-22 20:49:31.632] [INFO] hali - Hola
[2016-05-22 20:50:06.777] [INFO] hali - Hola
[2016-05-22 20:52:48.951] [INFO] hali - hola
[2016-05-22 20:53:10.086] [INFO] hali - hola
[2016-05-22 20:54:12.603] [INFO] hali - hola
[2016-05-22 20:57:18.755] [INFO] hali - bien y vos?
[2016-05-22 20:59:18.246] [INFO] hali - bien y vos?
[2016-05-22 21:04:17.368] [INFO] hali - bien y vos?
[2016-05-22 21:06:34.508] [INFO] hali - bien y vos?
[2016-05-22 21:07:38.603] [INFO] hali - bien y vos
[2016-05-22 21:08:08.952] [INFO] hali - bien y vos
[2016-05-22 21:09:16.917] [INFO] hali - bien y vos
[2016-05-22 21:09:35.058] [INFO] hali - bien y vos
[2016-05-22 21:50:18.004] [INFO] hali - sistemas
[2016-05-22 21:50:46.479] [INFO] hali - donde esta mi departamento?
[2016-05-22 23:54:03.402] [INFO] hali - hola sistemas
[2016-05-22 23:54:42.194] [INFO] hali - hola sistemas
[2016-05-22 23:54:49.954] [INFO] hali - hola
